<?xml version="1.0" encoding="UTF-8"?>
<!-- Generated by org.testng.reporters.JUnitXMLReporter -->
<testsuite ignored="10" hostname="HORNET" failures="0" tests="4" name="Test" time="100.812" errors="0" timestamp="2023-04-11T14:37:08 AEST">
  <testcase classname="Interview.ExistingUserLoginTest" name="Login" time="6.91"/>
  <testcase classname="Interview.CartCheckoutTest" name="VerifyOrderSummary" time="31.679"/>
  <testcase classname="Interview.AddressPageTest" name="AddressforDelivery" time="19.913"/>
  <testcase classname="Interview.PlaceOrderTest" name="PlaceOrder" time="41.88"/>
  <testcase classname="Interview.AddressPageTest" name="LogInDetails" time="0.0">
    <ignored/>
  </testcase> <!-- LogInDetails -->
  <testcase classname="Interview.BaseTest" name="@AfterTest CleanUp" time="0.0">
    <ignored/>
  </testcase> <!-- @AfterTest CleanUp -->
  <testcase classname="Interview.BaseTest" name="@AfterTest CleanUp" time="0.0">
    <ignored/>
  </testcase> <!-- @AfterTest CleanUp -->
  <testcase classname="Interview.BaseTest" name="@AfterTest CleanUp" time="0.0">
    <ignored/>
  </testcase> <!-- @AfterTest CleanUp -->
  <testcase classname="Interview.BaseTest" name="@BeforeSuite InitializeDriver" time="0.0">
    <ignored/>
  </testcase> <!-- @BeforeSuite InitializeDriver -->
  <testcase classname="Interview.BaseTest" name="@BeforeSuite InitializeDriver" time="0.0">
    <ignored/>
  </testcase> <!-- @BeforeSuite InitializeDriver -->
  <testcase classname="Interview.BaseTest" name="@BeforeSuite InitializeDriver" time="0.0">
    <ignored/>
  </testcase> <!-- @BeforeSuite InitializeDriver -->
  <testcase classname="Interview.PlaceOrderTest" name="LogInDetails" time="0.0">
    <ignored/>
  </testcase> <!-- LogInDetails -->
  <testcase classname="Interview.CartCheckoutTest" name="Log" time="0.0">
    <ignored/>
  </testcase> <!-- Log -->
  <testcase classname="Interview.PlaceOrderTest" name="AddItems" time="0.0">
    <ignored/>
  </testcase> <!-- AddItems -->
</testsuite> <!-- Test -->
